<?xml version="1.0" encoding="UTF-8"?>
<!-- Generated by org.testng.reporters.JUnitXMLReporter -->
<testsuite hostname="SHARATH" ignored="0" name="FirefoxTest" tests="1" failures="1" timestamp="2021-02-26T00:01:48 IST" time="0.087" errors="0">
  <testcase name="logintosauce" time="0.015" classname="saucelabs.LogintoApplication">
    <failure type="java.lang.NullPointerException">
      <![CDATA[java.lang.NullPointerException
at resources.BaseGeneric.initialisedriver(BaseGeneric.java:23)
at saucelabs.LogintoApplication.logintosauce(LogintoApplication.java:21)
at java.util.ArrayList.forEach(ArrayList.java:1257)
at java.util.concurrent.FutureTask.run(FutureTask.java:266)
at java.util.concurrent.ThreadPoolExecutor.runWorker(ThreadPoolExecutor.java:1149)
at java.util.concurrent.ThreadPoolExecutor$Worker.run(ThreadPoolExecutor.java:624)
at java.lang.Thread.run(Thread.java:748)
... Removed 18 stack frames]]>
    </failure>
  </testcase> <!-- logintosauce -->
</testsuite> <!-- FirefoxTest -->
