<?xml version="1.0" encoding="UTF-8"?>
<!-- Generated by org.testng.reporters.JUnitXMLReporter -->
<testsuite hostname="SHARATH" ignored="0" name="FunctionalTest" tests="1" failures="1" timestamp="2021-02-25T22:34:05 IST" time="0.178" errors="0">
  <testcase name="logintosauce" time="0.025" classname="saucelabs.LogintoApplication">
    <failure type="java.lang.NullPointerException">
      <![CDATA[java.lang.NullPointerException
at java.io.FileInputStream.<init>(Unknown Source)
at java.io.FileInputStream.<init>(Unknown Source)
at resources.BaseGeneric.initialisedriver(BaseGeneric.java:17)
at saucelabs.LogintoApplication.logintosauce(LogintoApplication.java:14)
at java.util.ArrayList.forEach(Unknown Source)
... Removed 27 stack frames]]>
    </failure>
  </testcase> <!-- logintosauce -->
</testsuite> <!-- FunctionalTest -->
