<?xml version="1.0" encoding="UTF-8"?>
<testng-results skipped="0" failed="0" ignored="1" total="2" passed="1">
  <reporter-output>
  </reporter-output>
  <suite name="Default suite" duration-ms="5460" started-at="2021-02-28T22:41:14 IST" finished-at="2021-02-28T22:41:19 IST">
    <groups>
    </groups>
    <test name="Default test" duration-ms="5460" started-at="2021-02-28T22:41:14 IST" finished-at="2021-02-28T22:41:19 IST">
      <class name="saucelabs.LogintoApplication">
        <test-method status="PASS" signature="logintosauce(java.lang.String, java.lang.String)[pri:0, instance:saucelabs.LogintoApplication@27a8c74e]" name="logintosauce" duration-ms="4551" started-at="2021-02-28T22:41:14 IST" data-provider="getusernamepassword" finished-at="2021-02-28T22:41:18 IST">
          <params>
            <param index="0">
              <value>
                <![CDATA[standard_user]]>
              </value>
            </param>
            <param index="1">
              <value>
                <![CDATA[secret_sauce]]>
              </value>
            </param>
          </params>
          <reporter-output>
          </reporter-output>
        </test-method> <!-- logintosauce -->
        <test-method status="PASS" signature="teardown()[pri:0, instance:saucelabs.LogintoApplication@27a8c74e]" name="teardown" is-config="true" duration-ms="830" started-at="2021-02-28T22:41:18 IST" finished-at="2021-02-28T22:41:19 IST">
          <reporter-output>
          </reporter-output>
        </test-method> <!-- teardown -->
      </class> <!-- saucelabs.LogintoApplication -->
    </test> <!-- Default test -->
  </suite> <!-- Default suite -->
</testng-results>
