<?xml version="1.0" encoding="UTF-8"?>
<!-- Generated by org.testng.reporters.JUnitXMLReporter -->
<testsuite hostname="SHARATH" ignored="1" name="Default test" tests="1" failures="0" timestamp="2021-02-28T22:41:19 IST" time="5.46" errors="0">
  <testcase name="logintosauce" time="4.551" classname="saucelabs.LogintoApplication"/>
  <testcase name="autowebdriverdependencies" time="0.0" classname="saucelabs.LogintoApplication">
    <ignored/>
  </testcase> <!-- autowebdriverdependencies -->
</testsuite> <!-- Default test -->
